<?xml version="1.0" encoding="UTF-8"?>
<!-- Generated by org.testng.reporters.JUnitXMLReporter -->
<testsuite hostname="DESKTOP-6JS32GC" ignored="1" name="Default test" tests="1" failures="0" timestamp="05 Nov 2021 10:21:38 GMT" time="23.559" errors="0">
  <testcase name="check_invalid_billing_id" time="2.156" classname="com.Guru99.Ecommorce.Pay_Billing_Page"/>
  <testcase name="check_valid_billing_id" time="0.0" classname="com.Guru99.Ecommorce.Pay_Billing_Page">
    <ignored/>
  </testcase> <!-- check_valid_billing_id -->
</testsuite> <!-- Default test -->
