<?xml version="1.0" encoding="UTF-8"?>
<!-- Generated by org.testng.reporters.JUnitXMLReporter -->
<testsuite hostname="DESKTOP-6JS32GC" ignored="0" name="TPTest" tests="6" failures="0" timestamp="01 Nov 2021 05:30:34 GMT" time="195.556" errors="0">
  <testcase name="Missing_info_alert" time="3.234" classname="com.Guru99.Ecommorce.HomePage"/>
  <testcase name="verify_Invalid_email" time="30.331" classname="com.Guru99.Ecommorce.HomePage">
    <skipped/>
  </testcase> <!-- verify_Invalid_email -->
  <testcase name="verify_Invalid_email" time="8.58" classname="com.Guru99.Ecommorce.HomePage"/>
  <testcase name="dashboard_Check" time="0.097" classname="com.Guru99.Ecommorce.HomePage"/>
  <testcase name="add_user_test" time="4.049" classname="com.Guru99.Ecommorce.HomePage"/>
  <testcase name="missing_info_adduser" time="3.792" classname="com.Guru99.Ecommorce.HomePage"/>
</testsuite> <!-- TPTest -->
